<?xml version="1.0" encoding="UTF-8"?>
<testng-results ignored="0" total="1" passed="1" failed="0" skipped="0">
  <reporter-output>
  </reporter-output>
  <suite started-at="2026-09-23T22:09:33 IST" name="Default suite" finished-at="2026-09-23T22:09:53 IST" duration-ms="20113">
    <groups>
    </groups>
    <test started-at="2026-09-23T22:09:33 IST" name="Default test" finished-at="2026-09-23T22:09:53 IST" duration-ms="20113">
      <class name="package_pro.Functionality">
        <test-method is-config="true" signature="OpenBrowser()[pri:0, instance:package_pro.Functionality@1e800aaa]" started-at="2026-09-23T22:09:33 IST" name="OpenBrowser" finished-at="2026-09-23T22:09:41 IST" duration-ms="7914" status="PASS">
          <reporter-output>
          </reporter-output>
        </test-method> <!-- OpenBrowser -->
        <test-method is-config="true" signature="Login()[pri:0, instance:package_pro.Functionality@1e800aaa]" started-at="2026-09-23T22:09:41 IST" name="Login" finished-at="2026-09-23T22:09:46 IST" duration-ms="4848" status="PASS">
          <reporter-output>
          </reporter-output>
        </test-method> <!-- Login -->
        <test-method signature="scroll()[pri:0, instance:package_pro.Functionality@1e800aaa]" started-at="2026-09-23T22:09:46 IST" name="scroll" finished-at="2026-09-23T22:09:46 IST" duration-ms="533" status="PASS">
          <reporter-output>
          </reporter-output>
        </test-method> <!-- scroll -->
        <test-method is-config="true" signature="logout()[pri:0, instance:package_pro.Functionality@1e800aaa]" started-at="2026-09-23T22:09:46 IST" name="logout" finished-at="2026-09-23T22:09:48 IST" duration-ms="1724" status="PASS">
          <reporter-output>
          </reporter-output>
        </test-method> <!-- logout -->
        <test-method is-config="true" signature="CloseBrowser()[pri:0, instance:package_pro.Functionality@1e800aaa]" started-at="2026-09-23T22:09:48 IST" name="CloseBrowser" finished-at="2026-09-23T22:09:53 IST" duration-ms="5028" status="PASS">
          <reporter-output>
          </reporter-output>
        </test-method> <!-- CloseBrowser -->
      </class> <!-- package_pro.Functionality -->
    </test> <!-- Default test -->
  </suite> <!-- Default suite -->
</testng-results>
